This is pdfTeXk, Version 3.141592-1.40.3 (Web2C 7.5.6) (format=pdflatex 2014.7.2)  14 JUL 2014 18:36
entering extended mode
 %&-line parsing enabled.
**DFT+DMFT_usersguide_v3.tex
(./DFT+DMFT_usersguide_v3.tex
LaTeX2e <2005/12/01>
Babel <v3.8h> and hyphenation patterns for english, usenglishmax, dumylang, noh
yphenation, arabic, basque, bulgarian, coptic, welsh, czech, slovak, german, ng
erman, danish, esperanto, spanish, catalan, galician, estonian, farsi, finnish,
 french, greek, monogreek, ancientgreek, croatian, hungarian, interlingua, ibyc
us, indonesian, icelandic, italian, latin, mongolian, dutch, norsk, polish, por
tuguese, pinyin, romanian, russian, slovenian, uppersorbian, serbian, swedish, 
turkish, ukenglish, ukrainian, loaded.
(/usr/share/texmf/tex/latex/base/article.cls
Document Class: article 2005/09/16 v1.4f Standard LaTeX document class
(/usr/share/texmf/tex/latex/base/size12.clo
File: size12.clo 2005/09/16 v1.4f Standard LaTeX file (size option)
)
\c@part=\count79
\c@section=\count80
\c@subsection=\count81
\c@subsubsection=\count82
\c@paragraph=\count83
\c@subparagraph=\count84
\c@figure=\count85
\c@table=\count86
\abovecaptionskip=\skip41
\belowcaptionskip=\skip42
\bibindent=\dimen102
)
(/usr/share/texmf/tex/latex/graphics/graphicx.sty
Package: graphicx 1999/02/16 v1.0f Enhanced LaTeX Graphics (DPC,SPQR)

(/usr/share/texmf/tex/latex/graphics/keyval.sty
Package: keyval 1999/03/16 v1.13 key=value parser (DPC)
\KV@toks@=\toks14
)
(/usr/share/texmf/tex/latex/graphics/graphics.sty
Package: graphics 2006/02/20 v1.0o Standard LaTeX Graphics (DPC,SPQR)

(/usr/share/texmf/tex/latex/graphics/trig.sty
Package: trig 1999/03/16 v1.09 sin cos tan (DPC)
)
(/usr/share/texmf/tex/latex/config/graphics.cfg
File: graphics.cfg 2007/01/18 v1.5 graphics configuration of teTeX/TeXLive
)
Package graphics Info: Driver file: pdftex.def on input line 90.

(/usr/share/texmf/tex/latex/pdftex-def/pdftex.def
File: pdftex.def 2007/01/08 v0.04d Graphics/color for pdfTeX
\Gread@gobject=\count87
))
\Gin@req@height=\dimen103
\Gin@req@width=\dimen104
)
(/usr/share/texmf/tex/latex/amsmath/amsmath.sty
Package: amsmath 2000/07/18 v2.13 AMS math features
\@mathmargin=\skip43

For additional information on amsmath, use the `?' option.
(/usr/share/texmf/tex/latex/amsmath/amstext.sty
Package: amstext 2000/06/29 v2.01

(/usr/share/texmf/tex/latex/amsmath/amsgen.sty
File: amsgen.sty 1999/11/30 v2.0
\@emptytoks=\toks15
\ex@=\dimen105
))
(/usr/share/texmf/tex/latex/amsmath/amsbsy.sty
Package: amsbsy 1999/11/29 v1.2d
\pmbraise@=\dimen106
)
(/usr/share/texmf/tex/latex/amsmath/amsopn.sty
Package: amsopn 1999/12/14 v2.01 operator names
)
\inf@bad=\count88
LaTeX Info: Redefining \frac on input line 211.
\uproot@=\count89
\leftroot@=\count90
LaTeX Info: Redefining \overline on input line 307.
\classnum@=\count91
\DOTSCASE@=\count92
LaTeX Info: Redefining \ldots on input line 379.
LaTeX Info: Redefining \dots on input line 382.
LaTeX Info: Redefining \cdots on input line 467.
\Mathstrutbox@=\box26
\strutbox@=\box27
\big@size=\dimen107
LaTeX Font Info:    Redeclaring font encoding OML on input line 567.
LaTeX Font Info:    Redeclaring font encoding OMS on input line 568.
\macc@depth=\count93
\c@MaxMatrixCols=\count94
\dotsspace@=\muskip10
\c@parentequation=\count95
\dspbrk@lvl=\count96
\tag@help=\toks16
\row@=\count97
\column@=\count98
\maxfields@=\count99
\andhelp@=\toks17
\eqnshift@=\dimen108
\alignsep@=\dimen109
\tagshift@=\dimen110
\tagwidth@=\dimen111
\totwidth@=\dimen112
\lineht@=\dimen113
\@envbody=\toks18
\multlinegap=\skip44
\multlinetaggap=\skip45
\mathdisplay@stack=\toks19
LaTeX Info: Redefining \[ on input line 2666.
LaTeX Info: Redefining \] on input line 2667.
)
(/usr/share/texmf/tex/latex/amsfonts/amssymb.sty
Package: amssymb 2002/01/22 v2.2d

(/usr/share/texmf/tex/latex/amsfonts/amsfonts.sty
Package: amsfonts 2001/10/25 v2.2f
\symAMSa=\mathgroup4
\symAMSb=\mathgroup5
LaTeX Font Info:    Overwriting math alphabet `\mathfrak' in version `bold'
(Font)                  U/euf/m/n --> U/euf/b/n on input line 132.
))
(/usr/share/texmf/tex/latex/eulervm/eulervm.sty
Package: eulervm 2005/01/11 v4.0 (WaS)
)
(/usr/share/texmf/tex/latex/psnfss/bookman.sty
Package: bookman 2005/04/12 PSNFSS-v9.2a (SPQR) 
)
(/usr/share/texmf/tex/latex/natbib/natbib.sty
Package: natbib 2007/02/05 8.0 (PWD)
\bibhang=\skip46
\bibsep=\skip47
LaTeX Info: Redefining \cite on input line 602.
\c@NAT@ctr=\count100
)
(/usr/share/texmf/tex/latex/base/textcomp.sty
Package: textcomp 2005/09/27 v1.99g Standard LaTeX package
Package textcomp Info: Sub-encoding information:
(textcomp)               5 = only ISO-Adobe without \textcurrency
(textcomp)               4 = 5 + \texteuro
(textcomp)               3 = 4 + \textohm
(textcomp)               2 = 3 + \textestimated + \textcurrency
(textcomp)               1 = TS1 - \textcircled - \t
(textcomp)               0 = TS1 (full)
(textcomp)             Font families with sub-encoding setting implement
(textcomp)             only a restricted character set as indicated.
(textcomp)             Family '?' is the default used for unknown fonts.
(textcomp)             See the documentation for details.
Package textcomp Info: Setting ? sub-encoding to TS1/1 on input line 71.

(/usr/share/texmf/tex/latex/base/ts1enc.def
File: ts1enc.def 2001/06/05 v3.0e (jk/car/fm) Standard LaTeX file
)
LaTeX Info: Redefining \oldstylenums on input line 266.
Package textcomp Info: Setting cmr sub-encoding to TS1/0 on input line 281.
Package textcomp Info: Setting cmss sub-encoding to TS1/0 on input line 282.
Package textcomp Info: Setting cmtt sub-encoding to TS1/0 on input line 283.
Package textcomp Info: Setting cmvtt sub-encoding to TS1/0 on input line 284.
Package textcomp Info: Setting cmbr sub-encoding to TS1/0 on input line 285.
Package textcomp Info: Setting cmtl sub-encoding to TS1/0 on input line 286.
Package textcomp Info: Setting ccr sub-encoding to TS1/0 on input line 287.
Package textcomp Info: Setting ptm sub-encoding to TS1/4 on input line 288.
Package textcomp Info: Setting pcr sub-encoding to TS1/4 on input line 289.
Package textcomp Info: Setting phv sub-encoding to TS1/4 on input line 290.
Package textcomp Info: Setting ppl sub-encoding to TS1/3 on input line 291.
Package textcomp Info: Setting pag sub-encoding to TS1/4 on input line 292.
Package textcomp Info: Setting pbk sub-encoding to TS1/4 on input line 293.
Package textcomp Info: Setting pnc sub-encoding to TS1/4 on input line 294.
Package textcomp Info: Setting pzc sub-encoding to TS1/4 on input line 295.
Package textcomp Info: Setting bch sub-encoding to TS1/4 on input line 296.
Package textcomp Info: Setting put sub-encoding to TS1/5 on input line 297.
Package textcomp Info: Setting uag sub-encoding to TS1/5 on input line 298.
Package textcomp Info: Setting ugq sub-encoding to TS1/5 on input line 299.
Package textcomp Info: Setting ul8 sub-encoding to TS1/4 on input line 300.
Package textcomp Info: Setting ul9 sub-encoding to TS1/4 on input line 301.
Package textcomp Info: Setting augie sub-encoding to TS1/5 on input line 302.
Package textcomp Info: Setting dayrom sub-encoding to TS1/3 on input line 303.
Package textcomp Info: Setting dayroms sub-encoding to TS1/3 on input line 304.

Package textcomp Info: Setting pxr sub-encoding to TS1/0 on input line 305.
Package textcomp Info: Setting pxss sub-encoding to TS1/0 on input line 306.
Package textcomp Info: Setting pxtt sub-encoding to TS1/0 on input line 307.
Package textcomp Info: Setting txr sub-encoding to TS1/0 on input line 308.
Package textcomp Info: Setting txss sub-encoding to TS1/0 on input line 309.
Package textcomp Info: Setting txtt sub-encoding to TS1/0 on input line 310.
Package textcomp Info: Setting futs sub-encoding to TS1/4 on input line 311.
Package textcomp Info: Setting futx sub-encoding to TS1/4 on input line 312.
Package textcomp Info: Setting futj sub-encoding to TS1/4 on input line 313.
Package textcomp Info: Setting hlh sub-encoding to TS1/3 on input line 314.
Package textcomp Info: Setting hls sub-encoding to TS1/3 on input line 315.
Package textcomp Info: Setting hlst sub-encoding to TS1/3 on input line 316.
Package textcomp Info: Setting hlct sub-encoding to TS1/5 on input line 317.
Package textcomp Info: Setting hlx sub-encoding to TS1/5 on input line 318.
Package textcomp Info: Setting hlce sub-encoding to TS1/5 on input line 319.
Package textcomp Info: Setting hlcn sub-encoding to TS1/5 on input line 320.
Package textcomp Info: Setting hlcw sub-encoding to TS1/5 on input line 321.
Package textcomp Info: Setting hlcf sub-encoding to TS1/5 on input line 322.
Package textcomp Info: Setting pplx sub-encoding to TS1/3 on input line 323.
Package textcomp Info: Setting pplj sub-encoding to TS1/3 on input line 324.
Package textcomp Info: Setting ptmx sub-encoding to TS1/4 on input line 325.
Package textcomp Info: Setting ptmj sub-encoding to TS1/4 on input line 326.
)
(/usr/share/texmf/tex/latex/lipsum/lipsum.sty
Package: lipsum 2005/01/26 v1.0 150 paragraphs of Lorem Ipsum dummy text
File: lipsum.dtx 2005/01/26 v1.0 150 paragraphs of Lorem Ipsum dummy text
\c@lips@count=\count101
)
(/usr/share/texmf/tex/latex/geometry/geometry.sty
Package: geometry 2002/07/08 v3.2 Page Geometry
\Gm@cnth=\count102
\Gm@cntv=\count103
\c@Gm@tempcnt=\count104
\Gm@bindingoffset=\dimen114
\Gm@wd@mp=\dimen115
\Gm@odd@mp=\dimen116
\Gm@even@mp=\dimen117
\Gm@dimlist=\toks20
)
(/usr/share/texmf/tex/latex/fancyhdr/fancyhdr.sty
\fancy@headwidth=\skip48
\f@ncyO@elh=\skip49
\f@ncyO@erh=\skip50
\f@ncyO@olh=\skip51
\f@ncyO@orh=\skip52
\f@ncyO@elf=\skip53
\f@ncyO@erf=\skip54
\f@ncyO@olf=\skip55
\f@ncyO@orf=\skip56
)
(./DFT+DMFT_usersguide_v3.aux)
\openout1 = `DFT+DMFT_usersguide_v3.aux'.

LaTeX Font Info:    Checking defaults for OML/cmm/m/it on input line 39.
LaTeX Font Info:    ... okay on input line 39.
LaTeX Font Info:    Checking defaults for T1/cmr/m/n on input line 39.
LaTeX Font Info:    ... okay on input line 39.
LaTeX Font Info:    Checking defaults for OT1/cmr/m/n on input line 39.
LaTeX Font Info:    ... okay on input line 39.
LaTeX Font Info:    Checking defaults for OMS/cmsy/m/n on input line 39.
LaTeX Font Info:    ... okay on input line 39.
LaTeX Font Info:    Checking defaults for OMX/cmex/m/n on input line 39.
LaTeX Font Info:    ... okay on input line 39.
LaTeX Font Info:    Checking defaults for U/cmr/m/n on input line 39.
LaTeX Font Info:    ... okay on input line 39.
LaTeX Font Info:    Checking defaults for TS1/cmr/m/n on input line 39.
LaTeX Font Info:    Try loading font information for TS1+cmr on input line 39.
 (/usr/share/texmf/tex/latex/base/ts1cmr.fd
File: ts1cmr.fd 1999/05/25 v2.5h Standard LaTeX font definitions
)
LaTeX Font Info:    ... okay on input line 39.
LaTeX Font Info:    Try loading font information for OT1+pbk on input line 39.

(/usr/share/texmf/tex/latex/psnfss/ot1pbk.fd
File: ot1pbk.fd 2001/06/04 font definitions for OT1/pbk.
)
LaTeX Font Info:    Font shape `OT1/pbk/m/n' in size <12> not available
(Font)              Font shape `OT1/pbk/l/n' tried instead on input line 39.
-------------------- Geometry parameters
paper: class default
landscape: --
twocolumn: --
twoside: --
asymmetric: --
h-parts: 72.26999pt, 469.75502pt, 72.26999pt
v-parts: 72.26999pt, 650.43001pt, 72.26999pt
hmarginratio: --
vmarginratio: --
lines: --
heightrounded: --
bindingoffset: 0.0pt
truedimen: --
includehead: --
includefoot: true
includemp: --
driver: pdftex
-------------------- Page layout dimensions and switches
\paperwidth  614.295pt
\paperheight 794.96999pt
\textwidth  469.75502pt
\textheight 620.43001pt
\oddsidemargin  0.0pt
\evensidemargin 0.0pt
\topmargin  -37.0pt
\headheight 12.0pt
\headsep    25.0pt
\footskip   30.0pt
\marginparwidth 44.0pt
\marginparsep   10.0pt
\columnsep  10.0pt
\skip\footins  10.8pt plus 4.0pt minus 2.0pt
\hoffset 0.0pt
\voffset 0.0pt
\mag 1000

(1in=72.27pt, 1cm=28.45pt)
-----------------------
LaTeX Font Info:    Font shape `OT1/pbk/m/n' in size <20.74> not available
(Font)              Font shape `OT1/pbk/l/n' tried instead on input line 42.
LaTeX Font Info:    Font shape `OT1/pbk/m/n' in size <24.88> not available
(Font)              Font shape `OT1/pbk/l/n' tried instead on input line 42.
LaTeX Font Info:    Font shape `OT1/pbk/bx/n' in size <24.88> not available
(Font)              Font shape `OT1/pbk/b/n' tried instead on input line 42.
LaTeX Font Info:    Font shape `OT1/pbk/b/n' in size <24.88> not available
(Font)              Font shape `OT1/pbk/db/n' tried instead on input line 42.

<DFT_DMFT.png, id=1, 492.84125pt x 401.5pt>
File: DFT_DMFT.png Graphic file (type png)
 <use DFT_DMFT.png>
LaTeX Font Info:    Font shape `OT1/pbk/m/n' in size <14.4> not available
(Font)              Font shape `OT1/pbk/l/n' tried instead on input line 42.
LaTeX Font Info:    Try loading font information for U+zeur on input line 42.

(/usr/share/texmf/tex/latex/eulervm/uzeur.fd
File: uzeur.fd 2005/01/11 v4.0 (WaS)
)
LaTeX Font Info:    Try loading font information for U+zeus on input line 42.

(/usr/share/texmf/tex/latex/eulervm/uzeus.fd
File: uzeus.fd 2005/01/11 v4.0 (WaS)
)
LaTeX Font Info:    Try loading font information for U+zeuex on input line 42.

(/usr/share/texmf/tex/latex/eulervm/uzeuex.fd
File: uzeuex.fd 2005/01/11 v4.0 (WaS)
)
LaTeX Font Info:    Font shape `OT1/pbk/bx/n' in size <14.4> not available
(Font)              Font shape `OT1/pbk/b/n' tried instead on input line 42.
LaTeX Font Info:    Font shape `OT1/pbk/b/n' in size <14.4> not available
(Font)              Font shape `OT1/pbk/db/n' tried instead on input line 42.
 [1

{/usr/share/texmf/fonts/map/pdftex/updmap/pdftex.map} <./DFT_DMFT.png (PNG copy
)>]
LaTeX Font Info:    Font shape `OT1/pbk/m/n' in size <17.28> not available
(Font)              Font shape `OT1/pbk/l/n' tried instead on input line 49.
LaTeX Font Info:    Font shape `OT1/pbk/bx/n' in size <17.28> not available
(Font)              Font shape `OT1/pbk/b/n' tried instead on input line 49.
LaTeX Font Info:    Font shape `OT1/pbk/b/n' in size <17.28> not available
(Font)              Font shape `OT1/pbk/db/n' tried instead on input line 49.

(./DFT+DMFT_usersguide_v3.toc
LaTeX Font Info:    Font shape `OT1/pbk/bx/n' in size <12> not available
(Font)              Font shape `OT1/pbk/b/n' tried instead on input line 2.
LaTeX Font Info:    Font shape `OT1/pbk/b/n' in size <12> not available
(Font)              Font shape `OT1/pbk/db/n' tried instead on input line 2.
LaTeX Font Info:    Font shape `OT1/pbk/bx/n' in size <8> not available
(Font)              Font shape `OT1/pbk/b/n' tried instead on input line 3.
LaTeX Font Info:    Font shape `OT1/pbk/b/n' in size <8> not available
(Font)              Font shape `OT1/pbk/db/n' tried instead on input line 3.
LaTeX Font Info:    Font shape `OT1/pbk/bx/n' in size <6> not available
(Font)              Font shape `OT1/pbk/b/n' tried instead on input line 3.
LaTeX Font Info:    Font shape `OT1/pbk/b/n' in size <6> not available
(Font)              Font shape `OT1/pbk/db/n' tried instead on input line 3.
 [1])
\tf@toc=\write3
\openout3 = `DFT+DMFT_usersguide_v3.toc'.

 [2]
LaTeX Font Info:    Font shape `OT1/pbk/m/it' in size <12> not available
(Font)              Font shape `OT1/pbk/l/it' tried instead on input line 62.
LaTeX Font Info:    Font shape `OT1/pbk/m/n' in size <8> not available
(Font)              Font shape `OT1/pbk/l/n' tried instead on input line 62.
LaTeX Font Info:    Font shape `OT1/pbk/m/n' in size <6> not available
(Font)              Font shape `OT1/pbk/l/n' tried instead on input line 62.
 [1] [2] [3] [4] [5] [6]
LaTeX Font Info:    Font shape `OT1/pbk/bx/n' in size <10> not available
(Font)              Font shape `OT1/pbk/b/n' tried instead on input line 183.
LaTeX Font Info:    Font shape `OT1/pbk/b/n' in size <10> not available
(Font)              Font shape `OT1/pbk/db/n' tried instead on input line 183.
 [7] [8] [9]
[10] [11] [12] [13] [14] <dftpart.png, id=70, 1027.84pt x 770.88pt>
File: dftpart.png Graphic file (type png)

<use dftpart.png> <dmftpart.png, id=71, 1027.84pt x 770.88pt>
File: dmftpart.png Graphic file (type png)

<use dmftpart.png> <dmft1.png, id=72, 781.92125pt x 543.02875pt>
File: dmft1.png Graphic file (type png)

<use dmft1.png> <dmft2.png, id=73, 775.89874pt x 596.2275pt>
File: dmft2.png Graphic file (type png)
 <use dmft2.png>
[15 <./dftpart.png>] [16 <./dmftpart.png>] [17 <./dmft1.png>] [18 <./dmft2.png>
] [19] [20] (./DFT+DMFT_usersguide_v3.bbl) [21] (./DFT+DMFT_usersguide_v3.aux) 
)
(\end occurred inside a group at level 1)

### simple group (level 1) entered at line 70 ({)
### bottom level 
Here is how much of TeX's memory you used:
 3046 strings out of 256216
 38005 string characters out of 1917073
 178150 words of memory out of 1500000
 6276 multiletter control sequences out of 10000+200000
 30757 words of font info for 94 fonts, out of 1200000 for 2000
 645 hyphenation exceptions out of 8191
 29i,11n,43p,253b,267s stack positions out of 5000i,500n,6000p,200000b,15000s
{/usr/share/texmf/fonts/enc/dvips/base/8r.enc}</usr/share/texmf
/fonts/type1/bluesky/cm/cmr12.pfb></usr/share/texmf/fonts/type1/bluesky/cm/cmr8
.pfb></usr/share/texmf/fonts/type1/bluesky/cm/cmsy10.pfb></usr/share/texmf/font
s/type1/bluesky/cm/cmsy7.pfb></usr/share/texmf/fonts/type1/bluesky/ams/euex10.p
fb></usr/share/texmf/fonts/type1/bluesky/ams/eufm10.pfb></usr/share/texmf/fonts
/type1/bluesky/ams/eufm7.pfb></usr/share/texmf/fonts/type1/bluesky/ams/eurm10.p
fb></usr/share/texmf/fonts/type1/bluesky/ams/eurm7.pfb></usr/share/texmf/fonts/
type1/bluesky/ams/msam10.pfb></usr/share/texmf/fonts/type1/bluesky/ams/msbm10.p
fb></usr/share/texmf/fonts/type1/urw/bookman/ubkd8a.pfb></usr/share/texmf/fonts
/type1/urw/bookman/ubkl8a.pfb></usr/share/texmf/fonts/type1/urw/bookman/ubkli8a
.pfb>
Output written on DFT+DMFT_usersguide_v3.pdf (24 pages, 813164 bytes).
PDF statistics:
 145 PDF objects out of 1000 (max. 8388607)
 0 named destinations out of 1000 (max. 131072)
 26 words of extra memory for PDF output out of 10000 (max. 10000000)

